# JRE version: Java(TM) SE Runtime Environment (21.0.8+12) (build 21.0.8+12-LTS-250)
# Java VM: Java HotSpot(TM) 64-Bit Server VM (21.0.8+12-LTS-250, mixed mode, sharing, tiered, compressed oops, compressed class ptrs, g1 gc, windows-amd64)
GC Precious Log:
 CardTable entry size: 512
 Card Set container configuration: InlinePtr #cards 5 size 8 Array Of Cards #cards 12 size 40 Howl #buckets 4 coarsen threshold 1843 Howl Bitmap #cards 512 size 80 coarsen threshold 460 Card regions per heap region 1 cards per card region 2048
 CPUs: 12 total, 12 available
 Memory: 7876M
 Large Page Support: Disabled
 NUMA Support: Disabled
 Compressed Oops: Enabled (32-bit)
 Heap Region Size: 1M
 Heap Min Capacity: 8M
 Heap Initial Capacity: 124M
 Heap Max Capacity: 1970M
 Pre-touch: Disabled
 Parallel Workers: 10
 Concurrent Workers: 3
 Concurrent Refinement Workers: 10
 Periodic GC: Disabled
Heap:
 garbage-first heap   total 126976K, used 28160K [0x0000000084e00000, 0x0000000100000000)
  region size 1024K, 9 young (9216K), 9 survivors (9216K)
 Metaspace       used 21254K, committed 21504K, reserved 1114112K
  class space    used 2403K, committed 2496K, reserved 1048576K
GC Heap History (17 events):
Event: 3.902 GC heap before
{Heap before GC invocations=0 (full 0):
 garbage-first heap   total 126976K, used 22528K [0x0000000084e00000, 0x0000000100000000)
  region size 1024K, 23 young (23552K), 0 survivors (0K)
 Metaspace       used 5695K, committed 5888K, reserved 1114112K
  class space    used 664K, committed 768K, reserved 1048576K
}
Event: 4.920 GC heap after
{Heap after GC invocations=1 (full 0):
 garbage-first heap   total 126976K, used 3767K [0x0000000084e00000, 0x0000000100000000)
  region size 1024K, 3 young (3072K), 3 survivors (3072K)
 Metaspace       used 5695K, committed 5888K, reserved 1114112K
  class space    used 664K, committed 768K, reserved 1048576K
}
Event: 6.012 GC heap before
{Heap before GC invocations=1 (full 0):
 garbage-first heap   total 126976K, used 6839K [0x0000000084e00000, 0x0000000100000000)
  region size 1024K, 6 young (6144K), 3 survivors (3072K)
 Metaspace       used 5900K, committed 6016K, reserved 1114112K
  class space    used 692K, committed 768K, reserved 1048576K
}
Event: 6.017 GC heap after
{Heap after GC invocations=2 (full 0):
 garbage-first heap   total 126976K, used 4405K [0x0000000084e00000, 0x0000000100000000)
  region size 1024K, 1 young (1024K), 1 survivors (1024K)
 Metaspace       used 5900K, committed 6016K, reserved 1114112K
  class space    used 692K, committed 768K, reserved 1048576K
}
Event: 7.206 GC heap before
{Heap before GC invocations=2 (full 0):
 garbage-first heap   total 126976K, used 9525K [0x0000000084e00000, 0x0000000100000000)
  region size 1024K, 6 young (6144K), 1 survivors (1024K)
 Metaspace       used 6553K, committed 6784K, reserved 1114112K
  class space    used 764K, committed 896K, reserved 1048576K
}
Event: 7.207 GC heap after
{Heap after GC invocations=3 (full 0):
 garbage-first heap   total 126976K, used 4242K [0x0000000084e00000, 0x0000000100000000)
  region size 1024K, 1 young (1024K), 1 survivors (1024K)
 Metaspace       used 6553K, committed 6784K, reserved 1114112K
  class space    used 764K, committed 896K, reserved 1048576K
}
Event: 7.302 GC heap before
{Heap before GC invocations=3 (full 0):
 garbage-first heap   total 126976K, used 9362K [0x0000000084e00000, 0x0000000100000000)
  region size 1024K, 6 young (6144K), 1 survivors (1024K)
 Metaspace       used 6951K, committed 7104K, reserved 1114112K
  class space    used 806K, committed 896K, reserved 1048576K
}
Event: 7.304 GC heap after
{Heap after GC invocations=4 (full 0):
 garbage-first heap   total 126976K, used 4397K [0x0000000084e00000, 0x0000000100000000)
  region size 1024K, 1 young (1024K), 1 survivors (1024K)
 Metaspace       used 6951K, committed 7104K, reserved 1114112K
  class space    used 806K, committed 896K, reserved 1048576K
}
Event: 7.411 GC heap before
{Heap before GC invocations=4 (full 0):
 garbage-first heap   total 126976K, used 9517K [0x0000000084e00000, 0x0000000100000000)
  region size 1024K, 6 young (6144K), 1 survivors (1024K)
 Metaspace       used 7654K, committed 7808K, reserved 1114112K
  class space    used 878K, committed 960K, reserved 1048576K
}
Event: 7.414 GC heap after
{Heap after GC invocations=5 (full 0):
 garbage-first heap   total 126976K, used 4702K [0x0000000084e00000, 0x0000000100000000)
  region size 1024K, 1 young (1024K), 1 survivors (1024K)
 Metaspace       used 7654K, committed 7808K, reserved 1114112K
  class space    used 878K, committed 960K, reserved 1048576K
}
Event: 8.540 GC heap before
{Heap before GC invocations=5 (full 0):
 garbage-first heap   total 126976K, used 8798K [0x0000000084e00000, 0x0000000100000000)
  region size 1024K, 6 young (6144K), 1 survivors (1024K)
 Metaspace       used 8785K, committed 9024K, reserved 1114112K
  class space    used 1026K, committed 1152K, reserved 1048576K
}
Event: 8.543 GC heap after
{Heap after GC invocations=6 (full 0):
 garbage-first heap   total 126976K, used 5005K [0x0000000084e00000, 0x0000000100000000)
  region size 1024K, 1 young (1024K), 1 survivors (1024K)
 Metaspace       used 8785K, committed 9024K, reserved 1114112K
  class space    used 1026K, committed 1152K, reserved 1048576K
}
Event: 12.864 GC heap before
{Heap before GC invocations=6 (full 0):
 garbage-first heap   total 126976K, used 68493K [0x0000000084e00000, 0x0000000100000000)
  region size 1024K, 64 young (65536K), 1 survivors (1024K)
 Metaspace       used 15921K, committed 16128K, reserved 1114112K
  class space    used 1846K, committed 1920K, reserved 1048576K
}
Event: 12.886 GC heap after
{Heap after GC invocations=7 (full 0):
 garbage-first heap   total 126976K, used 13136K [0x0000000084e00000, 0x0000000100000000)
  region size 1024K, 8 young (8192K), 8 survivors (8192K)
 Metaspace       used 15921K, committed 16128K, reserved 1114112K
  class space    used 1846K, committed 1920K, reserved 1048576K
}
Event: 15.455 GC heap before
{Heap before GC invocations=7 (full 0):
 garbage-first heap   total 126976K, used 80720K [0x0000000084e00000, 0x0000000100000000)
  region size 1024K, 74 young (75776K), 8 survivors (8192K)
 Metaspace       used 17957K, committed 18304K, reserved 1114112K
  class space    used 2010K, committed 2176K, reserved 1048576K
}
Event: 15.507 GC heap after
{Heap after GC invocations=8 (full 0):
 garbage-first heap   total 126976K, used 17408K [0x0000000084e00000, 0x0000000100000000)
  region size 1024K, 4 young (4096K), 4 survivors (4096K)
 Metaspace       used 17957K, committed 18304K, reserved 1114112K
  class space    used 2010K, committed 2176K, reserved 1048576K
}
Event: 17.776 GC heap before
{Heap before GC invocations=8 (full 0):
 garbage-first heap   total 126976K, used 45056K [0x0000000084e00000, 0x0000000100000000)
  region size 1024K, 26 young (26624K), 4 survivors (4096K)
 Metaspace       used 21254K, committed 21504K, reserved 1114112K
  class space    used 2403K, committed 2496K, reserved 1048576K
}

