# JRE version: Java(TM) SE Runtime Environment (21.0.8+12) (build 21.0.8+12-LTS-250)
# Java VM: Java HotSpot(TM) 64-Bit Server VM (21.0.8+12-LTS-250, mixed mode, sharing, tiered, compressed oops, compressed class ptrs, g1 gc, windows-amd64)
GC Precious Log:
 CardTable entry size: 512
 Card Set container configuration: InlinePtr #cards 5 size 8 Array Of Cards #cards 12 size 40 Howl #buckets 4 coarsen threshold 1843 Howl Bitmap #cards 512 size 80 coarsen threshold 460 Card regions per heap region 1 cards per card region 2048
 CPUs: 12 total, 12 available
 Memory: 7876M
 Large Page Support: Disabled
 NUMA Support: Disabled
 Compressed Oops: Enabled (32-bit)
 Heap Region Size: 1M
 Heap Min Capacity: 8M
 Heap Initial Capacity: 124M
 Heap Max Capacity: 1970M
 Pre-touch: Disabled
 Parallel Workers: 10
 Concurrent Workers: 3
 Concurrent Refinement Workers: 10
 Periodic GC: Disabled
Heap:
 garbage-first heap   total 137216K, used 98700K [0x0000000084e00000, 0x0000000100000000)
  region size 1024K, 60 young (61440K), 10 survivors (10240K)
 Metaspace       used 35276K, committed 35840K, reserved 1114112K
  class space    used 3983K, committed 4224K, reserved 1048576K
GC Heap History (14 events):
Event: 0.854 GC heap before
{Heap before GC invocations=0 (full 0):
 garbage-first heap   total 126976K, used 22528K [0x0000000084e00000, 0x0000000100000000)
  region size 1024K, 23 young (23552K), 0 survivors (0K)
 Metaspace       used 5650K, committed 5888K, reserved 1114112K
  class space    used 658K, committed 768K, reserved 1048576K
}
Event: 0.886 GC heap after
{Heap after GC invocations=1 (full 0):
 garbage-first heap   total 126976K, used 3760K [0x0000000084e00000, 0x0000000100000000)
  region size 1024K, 3 young (3072K), 3 survivors (3072K)
 Metaspace       used 5650K, committed 5888K, reserved 1114112K
  class space    used 658K, committed 768K, reserved 1048576K
}
Event: 2.422 GC heap before
{Heap before GC invocations=1 (full 0):
 garbage-first heap   total 126976K, used 32432K [0x0000000084e00000, 0x0000000100000000)
  region size 1024K, 31 young (31744K), 3 survivors (3072K)
 Metaspace       used 9653K, committed 9792K, reserved 1114112K
  class space    used 1136K, committed 1216K, reserved 1048576K
}
Event: 2.433 GC heap after
{Heap after GC invocations=2 (full 0):
 garbage-first heap   total 126976K, used 5331K [0x0000000084e00000, 0x0000000100000000)
  region size 1024K, 2 young (2048K), 2 survivors (2048K)
 Metaspace       used 9653K, committed 9792K, reserved 1114112K
  class space    used 1136K, committed 1216K, reserved 1048576K
}
Event: 5.198 GC heap before
{Heap before GC invocations=2 (full 0):
 garbage-first heap   total 126976K, used 79059K [0x0000000084e00000, 0x0000000100000000)
  region size 1024K, 74 young (75776K), 2 survivors (2048K)
 Metaspace       used 15985K, committed 16256K, reserved 1114112K
  class space    used 1850K, committed 1984K, reserved 1048576K
}
Event: 5.226 GC heap after
{Heap after GC invocations=3 (full 0):
 garbage-first heap   total 126976K, used 14228K [0x0000000084e00000, 0x0000000100000000)
  region size 1024K, 10 young (10240K), 10 survivors (10240K)
 Metaspace       used 15985K, committed 16256K, reserved 1114112K
  class space    used 1850K, committed 1984K, reserved 1048576K
}
Event: 8.078 GC heap before
{Heap before GC invocations=3 (full 0):
 garbage-first heap   total 126976K, used 79764K [0x0000000084e00000, 0x0000000100000000)
  region size 1024K, 74 young (75776K), 10 survivors (10240K)
 Metaspace       used 20286K, committed 20672K, reserved 1114112K
  class space    used 2281K, committed 2432K, reserved 1048576K
}
Event: 8.128 GC heap after
{Heap after GC invocations=4 (full 0):
 garbage-first heap   total 126976K, used 16804K [0x0000000084e00000, 0x0000000100000000)
  region size 1024K, 4 young (4096K), 4 survivors (4096K)
 Metaspace       used 20286K, committed 20672K, reserved 1114112K
  class space    used 2281K, committed 2432K, reserved 1048576K
}
Event: 8.703 GC heap before
{Heap before GC invocations=4 (full 0):
 garbage-first heap   total 126976K, used 34212K [0x0000000084e00000, 0x0000000100000000)
  region size 1024K, 16 young (16384K), 4 survivors (4096K)
 Metaspace       used 21216K, committed 21504K, reserved 1114112K
  class space    used 2413K, committed 2560K, reserved 1048576K
}
Event: 8.724 GC heap after
{Heap after GC invocations=5 (full 0):
 garbage-first heap   total 126976K, used 27044K [0x0000000084e00000, 0x0000000100000000)
  region size 1024K, 8 young (8192K), 8 survivors (8192K)
 Metaspace       used 21216K, committed 21504K, reserved 1114112K
  class space    used 2413K, committed 2560K, reserved 1048576K
}
Event: 11.323 GC heap before
{Heap before GC invocations=6 (full 0):
 garbage-first heap   total 96256K, used 93604K [0x0000000084e00000, 0x0000000100000000)
  region size 1024K, 74 young (75776K), 8 survivors (8192K)
 Metaspace       used 28932K, committed 29376K, reserved 1114112K
  class space    used 3288K, committed 3456K, reserved 1048576K
}
Event: 11.353 GC heap after
{Heap after GC invocations=7 (full 0):
 garbage-first heap   total 137216K, used 34212K [0x0000000084e00000, 0x0000000100000000)
  region size 1024K, 10 young (10240K), 10 survivors (10240K)
 Metaspace       used 28932K, committed 29376K, reserved 1114112K
  class space    used 3288K, committed 3456K, reserved 1048576K
}
Event: 14.093 GC heap before
{Heap before GC invocations=7 (full 0):
 garbage-first heap   total 137216K, used 109988K [0x0000000084e00000, 0x0000000100000000)
  region size 1024K, 80 young (81920K), 10 survivors (10240K)
 Metaspace       used 31120K, committed 31616K, reserved 1114112K
  class space    used 3551K, committed 3776K, reserved 1048576K
}
Event: 14.121 GC heap after
{Heap after GC invocations=8 (full 0):
 garbage-first heap   total 137216K, used 48524K [0x0000000084e00000, 0x0000000100000000)
  region size 1024K, 10 young (10240K), 10 survivors (10240K)
 Metaspace       used 31120K, committed 31616K, reserved 1114112K
  class space    used 3551K, committed 3776K, reserved 1048576K
}

