# JRE version: Java(TM) SE Runtime Environment (21.0.8+12) (build 21.0.8+12-LTS-250)
# Java VM: Java HotSpot(TM) 64-Bit Server VM (21.0.8+12-LTS-250, mixed mode, sharing, tiered, compressed oops, compressed class ptrs, g1 gc, windows-amd64)
GC Precious Log:
 CardTable entry size: 512
 Card Set container configuration: InlinePtr #cards 5 size 8 Array Of Cards #cards 12 size 40 Howl #buckets 4 coarsen threshold 1843 Howl Bitmap #cards 512 size 80 coarsen threshold 460 Card regions per heap region 1 cards per card region 2048
 CPUs: 12 total, 12 available
 Memory: 7876M
 Large Page Support: Disabled
 NUMA Support: Disabled
 Compressed Oops: Enabled (32-bit)
 Heap Region Size: 1M
 Heap Min Capacity: 8M
 Heap Initial Capacity: 124M
 Heap Max Capacity: 1970M
 Pre-touch: Disabled
 Parallel Workers: 10
 Concurrent Workers: 3
 Concurrent Refinement Workers: 10
 Periodic GC: Disabled
Heap:
 garbage-first heap   total 112640K, used 50688K [0x0000000084e00000, 0x0000000100000000)
  region size 1024K, 1 young (1024K), 1 survivors (1024K)
 Metaspace       used 30607K, committed 31040K, reserved 1114112K
  class space    used 3475K, committed 3648K, reserved 1048576K
GC Heap History (15 events):
Event: 1.253 GC heap before
{Heap before GC invocations=0 (full 0):
 garbage-first heap   total 126976K, used 23552K [0x0000000084e00000, 0x0000000100000000)
  region size 1024K, 23 young (23552K), 0 survivors (0K)
 Metaspace       used 5715K, committed 5888K, reserved 1114112K
  class space    used 663K, committed 768K, reserved 1048576K
}
Event: 1.264 GC heap after
{Heap after GC invocations=1 (full 0):
 garbage-first heap   total 126976K, used 3752K [0x0000000084e00000, 0x0000000100000000)
  region size 1024K, 3 young (3072K), 3 survivors (3072K)
 Metaspace       used 5715K, committed 5888K, reserved 1114112K
  class space    used 663K, committed 768K, reserved 1048576K
}
Event: 2.395 GC heap before
{Heap before GC invocations=1 (full 0):
 garbage-first heap   total 126976K, used 34472K [0x0000000084e00000, 0x0000000100000000)
  region size 1024K, 33 young (33792K), 3 survivors (3072K)
 Metaspace       used 10295K, committed 10432K, reserved 1114112K
  class space    used 1215K, committed 1280K, reserved 1048576K
}
Event: 2.406 GC heap after
{Heap after GC invocations=2 (full 0):
 garbage-first heap   total 126976K, used 5787K [0x0000000084e00000, 0x0000000100000000)
  region size 1024K, 2 young (2048K), 2 survivors (2048K)
 Metaspace       used 10295K, committed 10432K, reserved 1114112K
  class space    used 1215K, committed 1280K, reserved 1048576K
}
Event: 5.886 GC heap before
{Heap before GC invocations=2 (full 0):
 garbage-first heap   total 126976K, used 79515K [0x0000000084e00000, 0x0000000100000000)
  region size 1024K, 74 young (75776K), 2 survivors (2048K)
 Metaspace       used 16125K, committed 16448K, reserved 1114112K
  class space    used 1852K, committed 1984K, reserved 1048576K
}
Event: 5.947 GC heap after
{Heap after GC invocations=3 (full 0):
 garbage-first heap   total 126976K, used 13979K [0x0000000084e00000, 0x0000000100000000)
  region size 1024K, 10 young (10240K), 10 survivors (10240K)
 Metaspace       used 16125K, committed 16448K, reserved 1114112K
  class space    used 1852K, committed 1984K, reserved 1048576K
}
Event: 14.143 GC heap before
{Heap before GC invocations=3 (full 0):
 garbage-first heap   total 126976K, used 117403K [0x0000000084e00000, 0x0000000100000000)
  region size 1024K, 74 young (75776K), 10 survivors (10240K)
 Metaspace       used 21239K, committed 21504K, reserved 1114112K
  class space    used 2433K, committed 2560K, reserved 1048576K
}
Event: 14.214 GC heap after
{Heap after GC invocations=4 (full 0):
 garbage-first heap   total 135168K, used 26624K [0x0000000084e00000, 0x0000000100000000)
  region size 1024K, 7 young (7168K), 7 survivors (7168K)
 Metaspace       used 21239K, committed 21504K, reserved 1114112K
  class space    used 2433K, committed 2560K, reserved 1048576K
}
Event: 23.325 GC heap before
{Heap before GC invocations=5 (full 0):
 garbage-first heap   total 92160K, used 91136K [0x0000000084e00000, 0x0000000100000000)
  region size 1024K, 71 young (72704K), 7 survivors (7168K)
 Metaspace       used 28836K, committed 29248K, reserved 1114112K
  class space    used 3264K, committed 3456K, reserved 1048576K
}
Event: 23.394 GC heap after
{Heap after GC invocations=6 (full 0):
 garbage-first heap   total 110592K, used 34304K [0x0000000084e00000, 0x0000000100000000)
  region size 1024K, 10 young (10240K), 10 survivors (10240K)
 Metaspace       used 28836K, committed 29248K, reserved 1114112K
  class space    used 3264K, committed 3456K, reserved 1048576K
}
Event: 27.922 GC heap before
{Heap before GC invocations=6 (full 0):
 garbage-first heap   total 110592K, used 92672K [0x0000000084e00000, 0x0000000100000000)
  region size 1024K, 62 young (63488K), 10 survivors (10240K)
 Metaspace       used 30599K, committed 31040K, reserved 1114112K
  class space    used 3475K, committed 3648K, reserved 1048576K
}
Event: 28.613 GC heap after
{Heap after GC invocations=7 (full 0):
 garbage-first heap   total 112640K, used 48128K [0x0000000084e00000, 0x0000000100000000)
  region size 1024K, 8 young (8192K), 8 survivors (8192K)
 Metaspace       used 30599K, committed 31040K, reserved 1114112K
  class space    used 3475K, committed 3648K, reserved 1048576K
}
Event: 28.690 GC heap before
{Heap before GC invocations=7 (full 0):
 garbage-first heap   total 112640K, used 49152K [0x0000000084e00000, 0x0000000100000000)
  region size 1024K, 9 young (9216K), 8 survivors (8192K)
 Metaspace       used 30601K, committed 31040K, reserved 1114112K
  class space    used 3475K, committed 3648K, reserved 1048576K
}
Event: 28.706 GC heap after
{Heap after GC invocations=8 (full 0):
 garbage-first heap   total 112640K, used 49664K [0x0000000084e00000, 0x0000000100000000)
  region size 1024K, 1 young (1024K), 1 survivors (1024K)
 Metaspace       used 30601K, committed 31040K, reserved 1114112K
  class space    used 3475K, committed 3648K, reserved 1048576K
}
Event: 28.881 GC heap before
{Heap before GC invocations=8 (full 0):
 garbage-first heap   total 112640K, used 53760K [0x0000000084e00000, 0x0000000100000000)
  region size 1024K, 5 young (5120K), 1 survivors (1024K)
 Metaspace       used 30607K, committed 31040K, reserved 1114112K
  class space    used 3475K, committed 3648K, reserved 1048576K
}

